[2026-05-25] 创建执行日志
- 已生成 C同学显示模块执行计划文档。
- 已确认本轮目标：I2C(PB6/PB7)、SSD1306兼容、最小表情HAPPY/SAD、先打通初始化+清屏+点亮。
- 下一步：开始代码实现并记录结果。

[2026-05-25] 第一阶段执行完成（代码已提交到工作区）
- 修改文件：App/Src/mb_tasks.c
- 新增内容：
	- I2C1(PB6/PB7) 最小初始化流程
	- OLED(I2C地址0x3C) 命令/数据发送与超时等待
	- SSD1306 兼容初始化序列
	- 清屏函数与开机测试图样显示
	- MB_TaskDisplay 启动时执行显示硬件初始化
	- 收到显示事件后执行最小表情映射（HAPPY/SAD）
- 静态检查：mb_tasks.c 无语法/诊断错误

[2026-05-25] 已知说明
- 当前为“最小可运行链路”版本，图样为占位模式，不是最终表情资源。
- OLED型号尚未确认；若实物为SH1106，下一轮需切换初始化序列与页寻址细节。
- 当前未改动 Drivers/Objects/Listings，符合阶段约束。

[2026-05-25] 文档治理更新
- 新增独立测试说明文档：temp/C同学显示模块测试说明.md
- 更新 AGENTS 约束：每次显示模块功能扩展后，必须同步更新测试说明与执行日志
- 后续执行要求：功能扩展 -> 回归测试 -> 日志留痕

[2026-05-25] 第二阶段功能扩展（显示映射与兼容增强）
- 修改文件：App/Src/mb_tasks.c
- 扩展内容：
	- 新增 OLED 型号兼容宏：MB_OLED_MODEL_SH1106（默认0）
	- 新增 SH1106 列偏移适配（列偏移 +2）
	- 扩展表情显示：SLEEPY/CONFUSED 占位图
	- 扩展命令映射：支持 MB_CMD_EXPRESSION_HAPPY/SAD/SLEEPY/CONFUSED 进入 Display 路径
- 静态检查：mb_tasks.c 无语法/诊断错误

[2026-05-25] 第二阶段文档回填
- 已更新测试说明文档：增加 T7/T8（新表情）与 T9/T10（型号兼容）
- 回归要求已同步更新：事件映射和型号适配改动需强制补测

[2026-05-25] 第三阶段：屏幕型号确认与驱动重写
- 调试发现：I2C OLED 初始化持续失败（OLED NOT INITED!）
- 根因定位：通过参考项目确认真实屏幕为 ILI9341 TFT 彩屏，非 I2C OLED
- 接口变更：I2C（PB6/PB7）→ FSMC 并口（PD/PE 多路）
- 新建文件：
    - App/Inc/mb_display_ili9341.h — ILI9341 驱动头文件
    - App/Src/mb_display_ili9341.c — FSMC 初始化 + 寄存器序列 + 全屏填充
- 修改文件：
    - App/Src/mb_tasks.c — 删除全部 I2C OLED 代码，改用 ILI9341
    - Doc/阶段一引脚分配总表.md — 更新 C 同学引脚分配
    - temp/C同学显示模块测试说明.md — 重写为 ILI9341 版本
    - temp/C同学显示模块执行计划.md — 更新为已完成状态
- 编译问题：stm32f10x_fsmc.c 未加入工程，需在 Keil StdPeriph 组手动添加
- 编译通过，烧录成功

[2026-05-25] 阶段一验收 — 全部通过
- 代码结构：独立驱动文件，不破坏任务框架
- 屏幕初始化：ILI9341 FSMC 初始化成功，上电显示白屏
- 表情切换：4 种表情（HAPPY绿/SAD蓝/SLEEPY黄/CONFUSED品红）全部响应
- 串口日志：正常输出 [DISPLAY] ILI9341 init ok / draw
- 下一步：阶段二 — 表情图案化（绘制眼睛嘴巴等实际表情）

[2026-05-25] 阶段二：表情真实图案渲染
- 新增绘图基础函数（mb_display_ili9341.c）：
    - ILI9341_SetPixel — 单点绘制
    - ILI9341_DrawLine — Bresenham 直线
    - ILI9341_DrawHLine / DrawVLine — 水平/竖直线
    - ILI9341_FillCircle — 实心圆（逐行扫描 + 整数开方）
- 新增表情脸绘制（mb_tasks.c）：
    - MB_DrawFaceBase — 通用脸型（背景 + 白圆脸 + 黑圆眼）
    - MB_DrawMouth — 弧线嘴（上弧微笑 / 下弧悲伤 / 直线）
    - Happy：浅黄底 + 微笑弧
    - Sad：浅蓝底 + 悲伤弧 + 眼泪
    - Sleepy：浅紫底 + 眯眯眼 + 小圆嘴
    - Confused：浅橙底 + 大小眼 + 波浪嘴
- 代码质量：绘图函数含屏幕边界裁剪、零半径保护
- 编译通过，等待烧录验证

[2026-05-25] 阶段三：漫波小狗风格化表情
- 根据参考设计重新绘制所有表情为"漫波小狗"风格：
    - 基础特征：米色大圆脸 + 棕色半圆耳朵 + 黑色大圆眼(带白色高光) + 深灰小圆鼻 + 粉色腮红
    - Happy：微笑上弧嘴 + 笑眼效果
    - Sad：悲伤下弧嘴 + 青色眼泪
    - Sleepy：闭眼底部弧线 + 小圆嘴 + zZ 符号
    - Confused：大小眼 + 波浪嘴 + 问号符号
    - 启动：米色大圆 + 黑圆鼻占位
- 参数化设计：所有特征坐标/半径通过 #define 集中定义，易于调整
- 16 个自定义颜色常量（DOG_COLOR_*）
- 编译通过，等待烧录验证
