[2026-05-25] 创建执行日志
- 已生成 C同学显示模块执行计划文档。
- 已确认本轮目标：I2C(PB6/PB7)、SSD1306兼容、最小表情HAPPY/SAD、先打通初始化+清屏+点亮。
- 下一步：开始代码实现并记录结果。

[2026-05-25] 第一阶段执行完成（代码已提交到工作区）
- 修改文件：App/Src/mb_tasks.c
- 新增内容：
	- I2C1(PB6/PB7) 最小初始化流程
	- OLED(I2C地址0x3C) 命令/数据发送与超时等待
	- SSD1306 兼容初始化序列
	- 清屏函数与开机测试图样显示
	- MB_TaskDisplay 启动时执行显示硬件初始化
	- 收到显示事件后执行最小表情映射（HAPPY/SAD）
- 静态检查：mb_tasks.c 无语法/诊断错误

[2026-05-25] 已知说明
- 当前为“最小可运行链路”版本，图样为占位模式，不是最终表情资源。
- OLED型号尚未确认；若实物为SH1106，下一轮需切换初始化序列与页寻址细节。
- 当前未改动 Drivers/Objects/Listings，符合阶段约束。

[2026-05-25] 文档治理更新
- 新增独立测试说明文档：temp/C同学显示模块测试说明.md
- 更新 AGENTS 约束：每次显示模块功能扩展后，必须同步更新测试说明与执行日志
- 后续执行要求：功能扩展 -> 回归测试 -> 日志留痕
